2017-08-05 16:07:16 - PHP Warning:  fopen(/var/www/html/ventas.percu/system/storage/session//sess_ef15d6e7f54c37f214141a55f3): failed to open stream: Permission denied in /var/www/html/ventas.percu/system/library/session/file.php on line 29
2017-08-05 16:07:16 - PHP Warning:  flock() expects parameter 1 to be resource, boolean given in /var/www/html/ventas.percu/system/library/session/file.php on line 31
2017-08-05 16:07:16 - PHP Warning:  fwrite() expects parameter 1 to be resource, boolean given in /var/www/html/ventas.percu/system/library/session/file.php on line 33
2017-08-05 16:07:16 - PHP Warning:  fflush() expects parameter 1 to be resource, boolean given in /var/www/html/ventas.percu/system/library/session/file.php on line 35
2017-08-05 16:07:16 - PHP Warning:  flock() expects parameter 1 to be resource, boolean given in /var/www/html/ventas.percu/system/library/session/file.php on line 37
2017-08-05 16:07:16 - PHP Warning:  fclose() expects parameter 1 to be resource, boolean given in /var/www/html/ventas.percu/system/library/session/file.php on line 39
2017-08-05 16:07:26 - PHP Warning:  fopen(/var/www/html/ventas.percu/system/storage/session//sess_ef15d6e7f54c37f214141a55f3): failed to open stream: Permission denied in /var/www/html/ventas.percu/system/library/session/file.php on line 29
2017-08-05 16:07:26 - PHP Warning:  flock() expects parameter 1 to be resource, boolean given in /var/www/html/ventas.percu/system/library/session/file.php on line 31
2017-08-05 16:07:26 - PHP Warning:  fwrite() expects parameter 1 to be resource, boolean given in /var/www/html/ventas.percu/system/library/session/file.php on line 33
2017-08-05 16:07:26 - PHP Warning:  fflush() expects parameter 1 to be resource, boolean given in /var/www/html/ventas.percu/system/library/session/file.php on line 35
2017-08-05 16:07:26 - PHP Warning:  flock() expects parameter 1 to be resource, boolean given in /var/www/html/ventas.percu/system/library/session/file.php on line 37
2017-08-05 16:07:26 - PHP Warning:  fclose() expects parameter 1 to be resource, boolean given in /var/www/html/ventas.percu/system/library/session/file.php on line 39
2017-08-05 16:07:26 - PHP Warning:  fopen(/var/www/html/ventas.percu/system/storage/session//sess_ef15d6e7f54c37f214141a55f3): failed to open stream: Permission denied in /var/www/html/ventas.percu/system/library/session/file.php on line 29
2017-08-05 16:07:26 - PHP Warning:  flock() expects parameter 1 to be resource, boolean given in /var/www/html/ventas.percu/system/library/session/file.php on line 31
2017-08-05 16:07:26 - PHP Warning:  fwrite() expects parameter 1 to be resource, boolean given in /var/www/html/ventas.percu/system/library/session/file.php on line 33
2017-08-05 16:07:26 - PHP Warning:  fflush() expects parameter 1 to be resource, boolean given in /var/www/html/ventas.percu/system/library/session/file.php on line 35
2017-08-05 16:07:26 - PHP Warning:  flock() expects parameter 1 to be resource, boolean given in /var/www/html/ventas.percu/system/library/session/file.php on line 37
2017-08-05 16:07:26 - PHP Warning:  fclose() expects parameter 1 to be resource, boolean given in /var/www/html/ventas.percu/system/library/session/file.php on line 39
2017-08-05 16:10:22 - PHP Warning:  fopen(/var/www/html/ventas.percu/system/storage/session//sess_ef15d6e7f54c37f214141a55f3): failed to open stream: Permission denied in /var/www/html/ventas.percu/system/library/session/file.php on line 29
2017-08-05 16:10:22 - PHP Warning:  flock() expects parameter 1 to be resource, boolean given in /var/www/html/ventas.percu/system/library/session/file.php on line 31
2017-08-05 16:10:22 - PHP Warning:  fwrite() expects parameter 1 to be resource, boolean given in /var/www/html/ventas.percu/system/library/session/file.php on line 33
2017-08-05 16:10:22 - PHP Warning:  fflush() expects parameter 1 to be resource, boolean given in /var/www/html/ventas.percu/system/library/session/file.php on line 35
2017-08-05 16:10:22 - PHP Warning:  flock() expects parameter 1 to be resource, boolean given in /var/www/html/ventas.percu/system/library/session/file.php on line 37
2017-08-05 16:10:22 - PHP Warning:  fclose() expects parameter 1 to be resource, boolean given in /var/www/html/ventas.percu/system/library/session/file.php on line 39
2017-08-05 16:10:59 - PHP Warning:  fopen(/var/www/html/ventas.percu/system/storage/session//sess_ef15d6e7f54c37f214141a55f3): failed to open stream: Permission denied in /var/www/html/ventas.percu/system/library/session/file.php on line 29
2017-08-05 16:10:59 - PHP Warning:  flock() expects parameter 1 to be resource, boolean given in /var/www/html/ventas.percu/system/library/session/file.php on line 31
2017-08-05 16:10:59 - PHP Warning:  fwrite() expects parameter 1 to be resource, boolean given in /var/www/html/ventas.percu/system/library/session/file.php on line 33
2017-08-05 16:10:59 - PHP Warning:  fflush() expects parameter 1 to be resource, boolean given in /var/www/html/ventas.percu/system/library/session/file.php on line 35
2017-08-05 16:10:59 - PHP Warning:  flock() expects parameter 1 to be resource, boolean given in /var/www/html/ventas.percu/system/library/session/file.php on line 37
2017-08-05 16:10:59 - PHP Warning:  fclose() expects parameter 1 to be resource, boolean given in /var/www/html/ventas.percu/system/library/session/file.php on line 39
2017-08-18 18:53:02 - PHP Warning:  realpath(): open_basedir restriction in effect. File(/var/www/clients/client1/web2) is not within the allowed path(s): (/var/www/clients/client1/web2/web:/var/www/clients/client1/web2/private:/var/www/clients/client1/web2/tmp:/var/www/webalibre.com.ar/web:/srv/www/webalibre.com.ar/web:/usr/share/php5:/usr/share/php:/tmp:/usr/share/phpmyadmin:/etc/phpmyadmin:/var/lib/phpmyadmin:/usr/share/php) in /var/www/clients/client1/web2/web/demos/percu/admin/controller/common/security.php on line 26
2017-08-18 18:53:39 - PHP Warning:  realpath(): open_basedir restriction in effect. File(/var/www/clients/client1/web2) is not within the allowed path(s): (/var/www/clients/client1/web2/web:/var/www/clients/client1/web2/private:/var/www/clients/client1/web2/tmp:/var/www/webalibre.com.ar/web:/srv/www/webalibre.com.ar/web:/usr/share/php5:/usr/share/php:/tmp:/usr/share/phpmyadmin:/etc/phpmyadmin:/var/lib/phpmyadmin:/usr/share/php) in /var/www/clients/client1/web2/web/demos/percu/admin/controller/common/security.php on line 26
2017-08-18 18:55:12 - PHP Warning:  realpath(): open_basedir restriction in effect. File(/var/www/clients/client1/web2) is not within the allowed path(s): (/var/www/clients/client1/web2/web:/var/www/clients/client1/web2/private:/var/www/clients/client1/web2/tmp:/var/www/webalibre.com.ar/web:/srv/www/webalibre.com.ar/web:/usr/share/php5:/usr/share/php:/tmp:/usr/share/phpmyadmin:/etc/phpmyadmin:/var/lib/phpmyadmin:/usr/share/php) in /var/www/clients/client1/web2/web/demos/percu/admin/controller/common/security.php on line 26
2017-08-30 19:49:36 - PHP Warning:  realpath(): open_basedir restriction in effect. File(/var/www/clients/client1/web2) is not within the allowed path(s): (/var/www/clients/client1/web2/web:/var/www/clients/client1/web2/private:/var/www/clients/client1/web2/tmp:/var/www/webalibre.com.ar/web:/srv/www/webalibre.com.ar/web:/usr/share/php5:/usr/share/php:/tmp:/usr/share/phpmyadmin:/etc/phpmyadmin:/var/lib/phpmyadmin:/usr/share/php) in /var/www/clients/client1/web2/web/demos/percu/admin/controller/common/security.php on line 26
2017-08-30 19:58:38 - PHP Warning:  is_file(): open_basedir restriction in effect. File(/var/www/html/ventas.percu/catalog/view/theme/default/image/default.png) is not within the allowed path(s): (/var/www/clients/client1/web2/web:/var/www/clients/client1/web2/private:/var/www/clients/client1/web2/tmp:/var/www/webalibre.com.ar/web:/srv/www/webalibre.com.ar/web:/usr/share/php5:/usr/share/php:/tmp:/usr/share/phpmyadmin:/etc/phpmyadmin:/var/lib/phpmyadmin:/usr/share/php) in /var/www/clients/client1/web2/web/demos/percu/admin/controller/setting/setting.php on line 976
2017-08-30 20:21:43 - PHP Warning:  realpath(): open_basedir restriction in effect. File(/var/www/clients/client1/web2) is not within the allowed path(s): (/var/www/clients/client1/web2/web:/var/www/clients/client1/web2/private:/var/www/clients/client1/web2/tmp:/var/www/webalibre.com.ar/web:/srv/www/webalibre.com.ar/web:/usr/share/php5:/usr/share/php:/tmp:/usr/share/phpmyadmin:/etc/phpmyadmin:/var/lib/phpmyadmin:/usr/share/php) in /var/www/clients/client1/web2/web/demos/percu/admin/controller/common/security.php on line 26
2017-08-30 20:21:58 - PHP Warning:  realpath(): open_basedir restriction in effect. File(/var/www) is not within the allowed path(s): (/var/www/clients/client1/web2/web:/var/www/clients/client1/web2/private:/var/www/clients/client1/web2/tmp:/var/www/webalibre.com.ar/web:/srv/www/webalibre.com.ar/web:/usr/share/php5:/usr/share/php:/tmp:/usr/share/phpmyadmin:/etc/phpmyadmin:/var/lib/phpmyadmin:/usr/share/php) in /var/www/clients/client1/web2/web/demos/percu/admin/controller/common/security.php on line 55
2017-08-30 20:21:58 - PHP Warning:  is_dir(): open_basedir restriction in effect. File(/var/www/storage) is not within the allowed path(s): (/var/www/clients/client1/web2/web:/var/www/clients/client1/web2/private:/var/www/clients/client1/web2/tmp:/var/www/webalibre.com.ar/web:/srv/www/webalibre.com.ar/web:/usr/share/php5:/usr/share/php:/tmp:/usr/share/phpmyadmin:/etc/phpmyadmin:/var/lib/phpmyadmin:/usr/share/php) in /var/www/clients/client1/web2/web/demos/percu/admin/controller/common/security.php on line 63
2017-08-30 20:22:02 - PHP Warning:  realpath(): open_basedir restriction in effect. File(/var/www/clients/client1/web2) is not within the allowed path(s): (/var/www/clients/client1/web2/web:/var/www/clients/client1/web2/private:/var/www/clients/client1/web2/tmp:/var/www/webalibre.com.ar/web:/srv/www/webalibre.com.ar/web:/usr/share/php5:/usr/share/php:/tmp:/usr/share/phpmyadmin:/etc/phpmyadmin:/var/lib/phpmyadmin:/usr/share/php) in /var/www/clients/client1/web2/web/demos/percu/admin/controller/common/security.php on line 26
2017-08-31 15:28:24 - PHP Warning:  realpath(): open_basedir restriction in effect. File(/var/www/clients/client1/web2) is not within the allowed path(s): (/var/www/clients/client1/web2/web:/var/www/clients/client1/web2/private:/var/www/clients/client1/web2/tmp:/var/www/webalibre.com.ar/web:/srv/www/webalibre.com.ar/web:/usr/share/php5:/usr/share/php:/tmp:/usr/share/phpmyadmin:/etc/phpmyadmin:/var/lib/phpmyadmin:/usr/share/php) in /var/www/clients/client1/web2/web/demos/percu/admin/controller/common/security.php on line 26
2017-09-01 15:30:44 - PHP Warning:  is_file(): open_basedir restriction in effect. File(/var/www/html/ventas.percu/catalog/view/theme/default/image/default.png) is not within the allowed path(s): (/var/www/clients/client1/web2/web:/var/www/clients/client1/web2/private:/var/www/clients/client1/web2/tmp:/var/www/webalibre.com.ar/web:/srv/www/webalibre.com.ar/web:/usr/share/php5:/usr/share/php:/tmp:/usr/share/phpmyadmin:/etc/phpmyadmin:/var/lib/phpmyadmin:/usr/share/php:/var/www/clients/client1/web2) in /var/www/clients/client1/web2/web/demos/percu/admin/controller/setting/setting.php on line 976
2017-09-01 15:32:29 - PHP Warning:  is_file(): open_basedir restriction in effect. File(/var/www/html/ventas.percu/catalog/view/theme/default/image/default.png) is not within the allowed path(s): (/var/www/clients/client1/web2/web:/var/www/clients/client1/web2/private:/var/www/clients/client1/web2/tmp:/var/www/webalibre.com.ar/web:/srv/www/webalibre.com.ar/web:/usr/share/php5:/usr/share/php:/tmp:/usr/share/phpmyadmin:/etc/phpmyadmin:/var/lib/phpmyadmin:/usr/share/php:/var/www/clients/client1/web2) in /var/www/clients/client1/web2/web/demos/percu/admin/controller/setting/setting.php on line 976
2017-09-01 15:37:24 - PHP Warning:  is_file(): open_basedir restriction in effect. File(/var/www/html/ventas.percu/catalog/view/theme/default/image/default.png) is not within the allowed path(s): (/var/www/clients/client1/web2/web:/var/www/clients/client1/web2/private:/var/www/clients/client1/web2/tmp:/var/www/webalibre.com.ar/web:/srv/www/webalibre.com.ar/web:/usr/share/php5:/usr/share/php:/tmp:/usr/share/phpmyadmin:/etc/phpmyadmin:/var/lib/phpmyadmin:/usr/share/php:/var/www/clients/client1/web2) in /var/www/clients/client1/web2/web/demos/percu/admin/controller/setting/setting.php on line 976
2017-09-03 21:58:59 - PHP Warning:  is_file(): open_basedir restriction in effect. File(/var/www/html/ventas.percu/catalog/view/theme/default/image/default.png) is not within the allowed path(s): (/var/www/clients/client1/web2/web:/var/www/clients/client1/web2/private:/var/www/clients/client1/web2/tmp:/var/www/webalibre.com.ar/web:/srv/www/webalibre.com.ar/web:/usr/share/php5:/usr/share/php:/tmp:/usr/share/phpmyadmin:/etc/phpmyadmin:/var/lib/phpmyadmin:/usr/share/php:/var/www/clients/client1/web2) in /var/www/clients/client1/web2/web/demos/percu/admin/controller/setting/setting.php on line 976
2017-09-04 16:52:26 - PHP Warning:  is_file(): open_basedir restriction in effect. File(/var/www/html/ventas.percu/catalog/view/theme/default/image/default.png) is not within the allowed path(s): (/var/www/clients/client1/web2/web:/var/www/clients/client1/web2/private:/var/www/clients/client1/web2/tmp:/var/www/webalibre.com.ar/web:/srv/www/webalibre.com.ar/web:/usr/share/php5:/usr/share/php:/tmp:/usr/share/phpmyadmin:/etc/phpmyadmin:/var/lib/phpmyadmin:/usr/share/php:/var/www/clients/client1/web2) in /var/www/clients/client1/web2/web/demos/percu/admin/controller/setting/setting.php on line 976
2017-09-06 20:08:30 - PHP Warning:  is_file(): open_basedir restriction in effect. File(/var/www/html/ventas.percu/catalog/view/theme/default/image/default.png) is not within the allowed path(s): (/var/www/clients/client1/web2/web:/var/www/clients/client1/web2/private:/var/www/clients/client1/web2/tmp:/var/www/webalibre.com.ar/web:/srv/www/webalibre.com.ar/web:/usr/share/php5:/usr/share/php:/tmp:/usr/share/phpmyadmin:/etc/phpmyadmin:/var/lib/phpmyadmin:/usr/share/php:/var/www/clients/client1/web2) in /var/www/clients/client1/web2/web/demos/percu/admin/controller/setting/setting.php on line 976
2017-09-06 20:31:50 - PHP Warning:  is_file(): open_basedir restriction in effect. File(/var/www/html/ventas.percu/catalog/view/theme/default/image/default.png) is not within the allowed path(s): (/var/www/clients/client1/web2/web:/var/www/clients/client1/web2/private:/var/www/clients/client1/web2/tmp:/var/www/webalibre.com.ar/web:/srv/www/webalibre.com.ar/web:/usr/share/php5:/usr/share/php:/tmp:/usr/share/phpmyadmin:/etc/phpmyadmin:/var/lib/phpmyadmin:/usr/share/php:/var/www/clients/client1/web2) in /var/www/clients/client1/web2/web/demos/percu/admin/controller/setting/setting.php on line 976
2017-09-06 20:50:06 - PHP Warning:  unlink(/var/www/clients/client1/web2/storage-percu/storage/cache/cache.catalog.language.1504734606): No such file or directory in /var/www/clients/client1/web2/web/demos/percu/system/library/cache/file.php on line 68
2017-09-06 20:51:03 - PHP Warning:  unlink(/var/www/clients/client1/web2/storage-percu/storage/cache/cache.catalog.language.1504734663): No such file or directory in /var/www/clients/client1/web2/web/demos/percu/system/library/cache/file.php on line 68
2017-09-07 21:45:06 - PHP Warning:  file_get_contents(): open_basedir restriction in effect. File(/var/www/html/ventas.percu/catalog/view/theme/journal2/css/icons/selection.json) is not within the allowed path(s): (/var/www/clients/client1/web2/web:/var/www/clients/client1/web2/private:/var/www/clients/client1/web2/tmp:/var/www/webalibre.com.ar/web:/srv/www/webalibre.com.ar/web:/usr/share/php5:/usr/share/php:/tmp:/usr/share/phpmyadmin:/etc/phpmyadmin:/var/lib/phpmyadmin:/usr/share/php:/var/www/clients/client1/web2) in /var/www/clients/client1/web2/web/demos/percu/admin/model/journal2/fonts.php on line 25
2017-09-07 21:45:06 - PHP Warning:  file_get_contents(/var/www/html/ventas.percu/catalog/view/theme/journal2/css/icons/selection.json): failed to open stream: Operation not permitted in /var/www/clients/client1/web2/web/demos/percu/admin/model/journal2/fonts.php on line 25
2017-09-07 21:45:06 - PHP Warning:  Invalid argument supplied for foreach() in /var/www/clients/client1/web2/web/demos/percu/admin/model/journal2/fonts.php on line 27
2017-09-07 21:45:42 - PHP Warning:  file_get_contents(): open_basedir restriction in effect. File(/var/www/html/ventas.percu/catalog/view/theme/journal2/css/icons/selection.json) is not within the allowed path(s): (/var/www/clients/client1/web2/web:/var/www/clients/client1/web2/private:/var/www/clients/client1/web2/tmp:/var/www/webalibre.com.ar/web:/srv/www/webalibre.com.ar/web:/usr/share/php5:/usr/share/php:/tmp:/usr/share/phpmyadmin:/etc/phpmyadmin:/var/lib/phpmyadmin:/usr/share/php:/var/www/clients/client1/web2) in /var/www/clients/client1/web2/web/demos/percu/admin/model/journal2/fonts.php on line 25
2017-09-07 21:45:42 - PHP Warning:  file_get_contents(/var/www/html/ventas.percu/catalog/view/theme/journal2/css/icons/selection.json): failed to open stream: Operation not permitted in /var/www/clients/client1/web2/web/demos/percu/admin/model/journal2/fonts.php on line 25
2017-09-07 21:45:42 - PHP Warning:  Invalid argument supplied for foreach() in /var/www/clients/client1/web2/web/demos/percu/admin/model/journal2/fonts.php on line 27
2017-09-07 21:47:09 - PHP Warning:  file_get_contents(): open_basedir restriction in effect. File(/var/www/html/ventas.percu/catalog/view/theme/journal2/css/icons/selection.json) is not within the allowed path(s): (/var/www/clients/client1/web2/web:/var/www/clients/client1/web2/private:/var/www/clients/client1/web2/tmp:/var/www/webalibre.com.ar/web:/srv/www/webalibre.com.ar/web:/usr/share/php5:/usr/share/php:/tmp:/usr/share/phpmyadmin:/etc/phpmyadmin:/var/lib/phpmyadmin:/usr/share/php:/var/www/clients/client1/web2) in /var/www/clients/client1/web2/web/demos/percu/admin/model/journal2/fonts.php on line 25
2017-09-07 21:47:09 - PHP Warning:  file_get_contents(/var/www/html/ventas.percu/catalog/view/theme/journal2/css/icons/selection.json): failed to open stream: Operation not permitted in /var/www/clients/client1/web2/web/demos/percu/admin/model/journal2/fonts.php on line 25
2017-09-07 21:47:09 - PHP Warning:  Invalid argument supplied for foreach() in /var/www/clients/client1/web2/web/demos/percu/admin/model/journal2/fonts.php on line 27
2017-09-07 21:57:24 - PHP Warning:  file_get_contents(): open_basedir restriction in effect. File(/var/www/html/ventas.percu/catalog/view/theme/journal2/css/icons/selection.json) is not within the allowed path(s): (/var/www/clients/client1/web2/web:/var/www/clients/client1/web2/private:/var/www/clients/client1/web2/tmp:/var/www/webalibre.com.ar/web:/srv/www/webalibre.com.ar/web:/usr/share/php5:/usr/share/php:/tmp:/usr/share/phpmyadmin:/etc/phpmyadmin:/var/lib/phpmyadmin:/usr/share/php:/var/www/clients/client1/web2) in /var/www/clients/client1/web2/web/demos/percu/admin/model/journal2/fonts.php on line 25
2017-09-07 21:57:24 - PHP Warning:  file_get_contents(/var/www/html/ventas.percu/catalog/view/theme/journal2/css/icons/selection.json): failed to open stream: Operation not permitted in /var/www/clients/client1/web2/web/demos/percu/admin/model/journal2/fonts.php on line 25
2017-09-07 21:57:24 - PHP Warning:  Invalid argument supplied for foreach() in /var/www/clients/client1/web2/web/demos/percu/admin/model/journal2/fonts.php on line 27
2017-09-07 21:57:52 - PHP Warning:  file_get_contents(): open_basedir restriction in effect. File(/var/www/html/ventas.percu/catalog/view/theme/journal2/css/icons/selection.json) is not within the allowed path(s): (/var/www/clients/client1/web2/web:/var/www/clients/client1/web2/private:/var/www/clients/client1/web2/tmp:/var/www/webalibre.com.ar/web:/srv/www/webalibre.com.ar/web:/usr/share/php5:/usr/share/php:/tmp:/usr/share/phpmyadmin:/etc/phpmyadmin:/var/lib/phpmyadmin:/usr/share/php:/var/www/clients/client1/web2) in /var/www/clients/client1/web2/web/demos/percu/admin/model/journal2/fonts.php on line 25
2017-09-07 21:57:52 - PHP Warning:  file_get_contents(/var/www/html/ventas.percu/catalog/view/theme/journal2/css/icons/selection.json): failed to open stream: Operation not permitted in /var/www/clients/client1/web2/web/demos/percu/admin/model/journal2/fonts.php on line 25
2017-09-07 21:57:52 - PHP Warning:  Invalid argument supplied for foreach() in /var/www/clients/client1/web2/web/demos/percu/admin/model/journal2/fonts.php on line 27
2017-09-08 21:11:06 - PHP Warning:  mysqli::mysqli(): (28000/1045): Access denied for user 'usr_db_percu'@'localhost' (using password: YES) in /var/www/clients/client1/web22/web/system/library/db/mysqli.php on line 7
2017-09-08 21:11:06 - PHP Warning:  DB\MySQLi::__construct(): Couldn't fetch mysqli in /var/www/clients/client1/web22/web/system/library/db/mysqli.php on line 10
2017-09-08 21:11:06 - PHP Warning:  DB\MySQLi::__construct(): Couldn't fetch mysqli in /var/www/clients/client1/web22/web/system/library/db/mysqli.php on line 10
2017-09-08 21:13:54 - PHP Warning:  mysqli::mysqli(): (28000/1045): Access denied for user 'usr_db_percu'@'localhost' (using password: YES) in /var/www/clients/client1/web22/web/system/library/db/mysqli.php on line 7
2017-09-08 21:13:54 - PHP Warning:  DB\MySQLi::__construct(): Couldn't fetch mysqli in /var/www/clients/client1/web22/web/system/library/db/mysqli.php on line 10
2017-09-08 21:13:54 - PHP Warning:  DB\MySQLi::__construct(): Couldn't fetch mysqli in /var/www/clients/client1/web22/web/system/library/db/mysqli.php on line 10
2017-09-08 21:18:50 - PHP Warning:  mysqli::mysqli(): (28000/1045): Access denied for user 'usr_db_percu'@'localhost' (using password: YES) in /var/www/clients/client1/web22/web/system/library/db/mysqli.php on line 7
2017-09-08 21:18:50 - PHP Warning:  DB\MySQLi::__construct(): Couldn't fetch mysqli in /var/www/clients/client1/web22/web/system/library/db/mysqli.php on line 10
2017-09-08 21:18:50 - PHP Warning:  DB\MySQLi::__construct(): Couldn't fetch mysqli in /var/www/clients/client1/web22/web/system/library/db/mysqli.php on line 10
2017-09-19 17:09:23 - PHP Warning:  file_get_contents(/var/www/clients/client1/web22/web/view/theme/journal2/css/icons/selection.json): failed to open stream: No such file or directory in /var/www/clients/client1/web22/web/admin/model/journal2/fonts.php on line 25
2017-09-19 17:09:23 - PHP Warning:  Invalid argument supplied for foreach() in /var/www/clients/client1/web22/web/admin/model/journal2/fonts.php on line 27
2017-09-19 17:12:18 - PHP Warning:  file_get_contents(/var/www/clients/client1/web22/web/view/theme/journal2/css/icons/selection.json): failed to open stream: No such file or directory in /var/www/clients/client1/web22/web/admin/model/journal2/fonts.php on line 25
2017-09-19 17:12:18 - PHP Warning:  Invalid argument supplied for foreach() in /var/www/clients/client1/web22/web/admin/model/journal2/fonts.php on line 27
2017-10-26 10:15:37 - PHP Warning:  copy(/var/www/html/ventas.percu/image/cache/data/formas-pago/logo-mercadopago-401x104.png): failed to open stream: Permission denied in /var/www/html/ventas.percu/storage/modification/catalog/model/tool/image.php on line 37
2017-10-26 10:15:37 - PHP Warning:  copy(/var/www/html/ventas.percu/image/cache/data/formas-pago/NoVictor_(Visa)-2000x1249.png): failed to open stream: Permission denied in /var/www/html/ventas.percu/storage/modification/catalog/model/tool/image.php on line 37
2017-10-26 10:15:37 - PHP Warning:  copy(/var/www/html/ventas.percu/image/cache/data/formas-pago/ae-2000x2000.png): failed to open stream: Permission denied in /var/www/html/ventas.percu/storage/modification/catalog/model/tool/image.php on line 37
2017-10-26 10:15:37 - PHP Warning:  imagepng(/var/www/html/ventas.percu/image/cache/data/journal2/transparent-2000x2000.png): failed to open stream: Permission denied in /var/www/html/ventas.percu/system/library/image.php on line 123
2017-10-26 10:15:37 - PHP Warning:  imagepng(/var/www/html/ventas.percu/image/cache/data/journal2/transparent-228x228.png): failed to open stream: Permission denied in /var/www/html/ventas.percu/system/library/image.php on line 123
2017-10-26 10:15:37 - PHP Warning:  getimagesize(/var/www/html/ventas.percu/image/no_image.png): failed to open stream: No such file or directory in /var/www/html/ventas.percu/system/journal2/classes/journal2_utils.php on line 496
2017-10-26 10:15:37 - PHP Notice:  Image no_image.png is invalid! in /var/www/html/ventas.percu/system/journal2/classes/journal2_utils.php on line 499
2017-10-26 10:15:37 - PHP Warning:  copy(/var/www/html/ventas.percu/image/cache/data/fotos-varias/DSC08673-2592x1944.JPG): failed to open stream: Permission denied in /var/www/html/ventas.percu/storage/modification/catalog/model/tool/image.php on line 37
2017-10-26 10:15:37 - PHP Warning:  imagejpeg(/var/www/html/ventas.percu/image/cache/data/fotos-varias/DSC08673-200x200.JPG): failed to open stream: Permission denied in /var/www/html/ventas.percu/system/library/image.php on line 121
2017-10-26 10:15:37 - PHP Warning:  copy(/var/www/html/ventas.percu/image/cache/data/fotos-varias/DSC08674-1944x2592.JPG): failed to open stream: Permission denied in /var/www/html/ventas.percu/storage/modification/catalog/model/tool/image.php on line 37
2017-10-26 10:15:37 - PHP Warning:  imagejpeg(/var/www/html/ventas.percu/image/cache/data/fotos-varias/DSC08674-200x200.JPG): failed to open stream: Permission denied in /var/www/html/ventas.percu/system/library/image.php on line 121
2017-10-26 10:15:37 - PHP Warning:  copy(/var/www/html/ventas.percu/image/cache/data/fotos-varias/DSC08677-2592x1944.JPG): failed to open stream: Permission denied in /var/www/html/ventas.percu/storage/modification/catalog/model/tool/image.php on line 37
2017-10-26 10:15:38 - PHP Warning:  imagejpeg(/var/www/html/ventas.percu/image/cache/data/fotos-varias/DSC08677-200x200.JPG): failed to open stream: Permission denied in /var/www/html/ventas.percu/system/library/image.php on line 121
2017-10-26 10:15:38 - PHP Warning:  copy(/var/www/html/ventas.percu/image/cache/data/fotos-varias/DSC08683-2592x1944.JPG): failed to open stream: Permission denied in /var/www/html/ventas.percu/storage/modification/catalog/model/tool/image.php on line 37
2017-10-26 10:15:38 - PHP Warning:  imagejpeg(/var/www/html/ventas.percu/image/cache/data/fotos-varias/DSC08683-200x200.JPG): failed to open stream: Permission denied in /var/www/html/ventas.percu/system/library/image.php on line 121
2017-10-26 10:15:38 - PHP Warning:  copy(/var/www/html/ventas.percu/image/cache/data/fotos-varias/DSC08692-2592x1944.JPG): failed to open stream: Permission denied in /var/www/html/ventas.percu/storage/modification/catalog/model/tool/image.php on line 37
2017-10-26 10:15:38 - PHP Warning:  imagejpeg(/var/www/html/ventas.percu/image/cache/data/fotos-varias/DSC08692-200x200.JPG): failed to open stream: Permission denied in /var/www/html/ventas.percu/system/library/image.php on line 121
2017-10-26 10:15:38 - PHP Warning:  copy(/var/www/html/ventas.percu/image/cache/data/fotos-varias/DSC08703-2592x1944.JPG): failed to open stream: Permission denied in /var/www/html/ventas.percu/storage/modification/catalog/model/tool/image.php on line 37
2017-10-26 10:15:38 - PHP Warning:  imagejpeg(/var/www/html/ventas.percu/image/cache/data/fotos-varias/DSC08703-200x200.JPG): failed to open stream: Permission denied in /var/www/html/ventas.percu/system/library/image.php on line 121
2017-10-26 10:15:38 - PHP Warning:  copy(/var/www/html/ventas.percu/image/cache/data/fotos-varias/DSC08709-2592x1944.JPG): failed to open stream: Permission denied in /var/www/html/ventas.percu/storage/modification/catalog/model/tool/image.php on line 37
2017-10-26 10:15:38 - PHP Warning:  imagejpeg(/var/www/html/ventas.percu/image/cache/data/fotos-varias/DSC08709-200x200.JPG): failed to open stream: Permission denied in /var/www/html/ventas.percu/system/library/image.php on line 121
2017-10-26 10:15:38 - PHP Warning:  copy(/var/www/html/ventas.percu/image/cache/data/fotos-varias/DSC08716-2592x1944.JPG): failed to open stream: Permission denied in /var/www/html/ventas.percu/storage/modification/catalog/model/tool/image.php on line 37
2017-10-26 10:15:39 - PHP Warning:  imagejpeg(/var/www/html/ventas.percu/image/cache/data/fotos-varias/DSC08716-200x200.JPG): failed to open stream: Permission denied in /var/www/html/ventas.percu/system/library/image.php on line 121
2017-10-26 10:15:39 - PHP Warning:  copy(/var/www/html/ventas.percu/image/cache/data/fotos-varias/DSC08725-2592x1944.JPG): failed to open stream: Permission denied in /var/www/html/ventas.percu/storage/modification/catalog/model/tool/image.php on line 37
2017-10-26 10:15:39 - PHP Warning:  imagejpeg(/var/www/html/ventas.percu/image/cache/data/fotos-varias/DSC08725-200x200.JPG): failed to open stream: Permission denied in /var/www/html/ventas.percu/system/library/image.php on line 121
2017-10-26 10:15:39 - PHP Warning:  copy(/var/www/html/ventas.percu/image/cache/data/fotos-varias/DSC08726-2592x1944.JPG): failed to open stream: Permission denied in /var/www/html/ventas.percu/storage/modification/catalog/model/tool/image.php on line 37
2017-10-26 10:15:39 - PHP Warning:  imagejpeg(/var/www/html/ventas.percu/image/cache/data/fotos-varias/DSC08726-200x200.JPG): failed to open stream: Permission denied in /var/www/html/ventas.percu/system/library/image.php on line 121
2017-10-26 10:15:39 - PHP Warning:  copy(/var/www/html/ventas.percu/image/cache/data/fotos-varias/DSC08729-2592x1944.JPG): failed to open stream: Permission denied in /var/www/html/ventas.percu/storage/modification/catalog/model/tool/image.php on line 37
2017-10-26 10:15:39 - PHP Warning:  imagejpeg(/var/www/html/ventas.percu/image/cache/data/fotos-varias/DSC08729-200x200.JPG): failed to open stream: Permission denied in /var/www/html/ventas.percu/system/library/image.php on line 121
2017-10-26 10:15:39 - PHP Warning:  copy(/var/www/html/ventas.percu/image/cache/data/fotos-varias/DSC08732-2592x1944.JPG): failed to open stream: Permission denied in /var/www/html/ventas.percu/storage/modification/catalog/model/tool/image.php on line 37
2017-10-26 10:15:40 - PHP Warning:  imagejpeg(/var/www/html/ventas.percu/image/cache/data/fotos-varias/DSC08732-200x200.JPG): failed to open stream: Permission denied in /var/www/html/ventas.percu/system/library/image.php on line 121
2017-10-26 10:15:40 - PHP Warning:  copy(/var/www/html/ventas.percu/image/cache/data/fotos-varias/DSC08735-1944x2592.JPG): failed to open stream: Permission denied in /var/www/html/ventas.percu/storage/modification/catalog/model/tool/image.php on line 37
2017-10-26 10:15:40 - PHP Warning:  imagejpeg(/var/www/html/ventas.percu/image/cache/data/fotos-varias/DSC08735-200x200.JPG): failed to open stream: Permission denied in /var/www/html/ventas.percu/system/library/image.php on line 121
2017-10-26 10:15:40 - PHP Warning:  copy(/var/www/html/ventas.percu/image/cache/data/fotos-varias/DSC08742-2592x1944.JPG): failed to open stream: Permission denied in /var/www/html/ventas.percu/storage/modification/catalog/model/tool/image.php on line 37
2017-10-26 10:15:40 - PHP Warning:  imagejpeg(/var/www/html/ventas.percu/image/cache/data/fotos-varias/DSC08742-200x200.JPG): failed to open stream: Permission denied in /var/www/html/ventas.percu/system/library/image.php on line 121
2017-10-26 10:15:40 - PHP Warning:  copy(/var/www/html/ventas.percu/image/cache/data/fotos-varias/DSC08743-2592x1944.JPG): failed to open stream: Permission denied in /var/www/html/ventas.percu/storage/modification/catalog/model/tool/image.php on line 37
2017-10-26 10:15:40 - PHP Warning:  imagejpeg(/var/www/html/ventas.percu/image/cache/data/fotos-varias/DSC08743-200x200.JPG): failed to open stream: Permission denied in /var/www/html/ventas.percu/system/library/image.php on line 121
2017-10-26 10:15:40 - PHP Warning:  copy(/var/www/html/ventas.percu/image/cache/data/fotos-varias/DSC08750-2592x1944.JPG): failed to open stream: Permission denied in /var/www/html/ventas.percu/storage/modification/catalog/model/tool/image.php on line 37
2017-10-26 10:15:40 - PHP Warning:  imagejpeg(/var/www/html/ventas.percu/image/cache/data/fotos-varias/DSC08750-200x200.JPG): failed to open stream: Permission denied in /var/www/html/ventas.percu/system/library/image.php on line 121
2017-10-26 10:15:40 - PHP Warning:  copy(/var/www/html/ventas.percu/image/cache/data/fotos-varias/DSC08754-2592x1944.JPG): failed to open stream: Permission denied in /var/www/html/ventas.percu/storage/modification/catalog/model/tool/image.php on line 37
2017-10-26 10:15:41 - PHP Warning:  imagejpeg(/var/www/html/ventas.percu/image/cache/data/fotos-varias/DSC08754-200x200.JPG): failed to open stream: Permission denied in /var/www/html/ventas.percu/system/library/image.php on line 121
2017-10-26 10:15:41 - PHP Warning:  copy(/var/www/html/ventas.percu/image/cache/data/fotos-varias/DSC08757-2592x1944.JPG): failed to open stream: Permission denied in /var/www/html/ventas.percu/storage/modification/catalog/model/tool/image.php on line 37
2017-10-26 10:15:41 - PHP Warning:  imagejpeg(/var/www/html/ventas.percu/image/cache/data/fotos-varias/DSC08757-200x200.JPG): failed to open stream: Permission denied in /var/www/html/ventas.percu/system/library/image.php on line 121
2017-10-26 10:15:41 - PHP Warning:  copy(/var/www/html/ventas.percu/image/cache/data/fotos-varias/DSC08759-2592x1944.JPG): failed to open stream: Permission denied in /var/www/html/ventas.percu/storage/modification/catalog/model/tool/image.php on line 37
2017-10-26 10:15:41 - PHP Warning:  imagejpeg(/var/www/html/ventas.percu/image/cache/data/fotos-varias/DSC08759-200x200.JPG): failed to open stream: Permission denied in /var/www/html/ventas.percu/system/library/image.php on line 121
2017-10-26 10:15:41 - PHP Warning:  imagejpeg(/var/www/html/ventas.percu/image/cache/catalog/logo1-600x315.jpg): failed to open stream: Permission denied in /var/www/html/ventas.percu/system/library/image.php on line 121
2017-10-26 10:15:41 - PHP Warning:  imagejpeg(/var/www/html/ventas.percu/image/cache/catalog/logo1-200x200.jpg): failed to open stream: Permission denied in /var/www/html/ventas.percu/system/library/image.php on line 121
2017-10-26 10:15:41 - PHP Warning:  imagejpeg(/var/www/html/ventas.percu/image/cache/catalog/v3slider1-100x75.jpg): failed to open stream: Permission denied in /var/www/html/ventas.percu/system/library/image.php on line 121
2017-10-26 10:15:41 - PHP Warning:  copy(/var/www/html/ventas.percu/image/cache/catalog/v3slider1-1140x380.jpg): failed to open stream: Permission denied in /var/www/html/ventas.percu/storage/modification/catalog/model/tool/image.php on line 37
2017-10-26 10:15:41 - PHP Warning:  imagejpeg(/var/www/html/ventas.percu/image/cache/catalog/v3slider2-100x75.jpg): failed to open stream: Permission denied in /var/www/html/ventas.percu/system/library/image.php on line 121
2017-10-26 10:15:41 - PHP Warning:  copy(/var/www/html/ventas.percu/image/cache/catalog/v3slider2-1140x380.jpg): failed to open stream: Permission denied in /var/www/html/ventas.percu/storage/modification/catalog/model/tool/image.php on line 37
2017-10-26 10:15:41 - PHP Warning:  copy(/var/www/html/ventas.percu/image/cache/data/journal2/transparent-980x400.png): failed to open stream: Permission denied in /var/www/html/ventas.percu/storage/modification/catalog/model/tool/image.php on line 37
2017-10-26 10:15:41 - PHP Warning:  imagejpeg(/var/www/html/ventas.percu/image/cache/productos/gope/agogo/2-bocas-cromado/gope-agogo-2-bocas-cromado-228x228.JPG): failed to open stream: Permission denied in /var/www/html/ventas.percu/system/library/image.php on line 121
2017-10-26 10:15:41 - PHP Warning:  imagejpeg(/var/www/html/ventas.percu/image/cache/productos/gope/agogo/2-bocas-negro/gope-agogo-2-bocas-epoxi-negro-228x228.jpg): failed to open stream: Permission denied in /var/www/html/ventas.percu/system/library/image.php on line 121
2017-10-26 10:15:41 - PHP Warning:  imagejpeg(/var/www/html/ventas.percu/image/cache/productos/gope/caixas/alum-12p-20cm/gope-caixa-Malacacheta-12p-20cm-aluminio-228x228.jpg): failed to open stream: Permission denied in /var/www/html/ventas.percu/system/library/image.php on line 121
2017-10-26 10:15:41 - PHP Warning:  imagejpeg(/var/www/html/ventas.percu/image/cache/productos/gope/caixas/alum-12p-20cm/gope-caixa-Malacacheta12p-20cm-aluminio-02-228x228.jpg): failed to open stream: Permission denied in /var/www/html/ventas.percu/system/library/image.php on line 121
2017-10-26 10:15:41 - PHP Warning:  imagejpeg(/var/www/html/ventas.percu/image/cache/productos/gope/chocalho/alum/gope-chocalho-alum-228x228.jpg): failed to open stream: Permission denied in /var/www/html/ventas.percu/system/library/image.php on line 121
2017-10-26 10:15:42 - PHP Warning:  imagejpeg(/var/www/html/ventas.percu/image/cache/productos/gope/cuicas/8p-25cm/gope-Cuica-8p-25cm-inox-02-228x228.jpg): failed to open stream: Permission denied in /var/www/html/ventas.percu/system/library/image.php on line 121
2017-10-26 10:15:42 - PHP Warning:  imagejpeg(/var/www/html/ventas.percu/image/cache/productos/gope/cuicas/8p-25cm/gope-Cuica-8p-25cm-inox-228x228.jpg): failed to open stream: Permission denied in /var/www/html/ventas.percu/system/library/image.php on line 121
2017-10-26 10:15:42 - PHP Warning:  imagejpeg(/var/www/html/ventas.percu/image/cache/productos/ivsom/agogo-2-bocas/agogo-2-bocas-228x228.jpg): failed to open stream: Permission denied in /var/www/html/ventas.percu/system/library/image.php on line 121
2017-10-26 10:15:42 - PHP Warning:  imagejpeg(/var/www/html/ventas.percu/image/cache/productos/ivsom/agogo-4-bocas/DSC08997-228x228.JPG): failed to open stream: Permission denied in /var/www/html/ventas.percu/system/library/image.php on line 121
2017-10-26 10:15:42 - PHP Warning:  imagejpeg(/var/www/html/ventas.percu/image/cache/productos/ivsom/agogo-4-bocas/DSC09000-228x228.JPG): failed to open stream: Permission denied in /var/www/html/ventas.percu/system/library/image.php on line 121
2017-10-26 10:15:42 - PHP Warning:  imagejpeg(/var/www/html/ventas.percu/image/cache/productos/ivsom/baquetas/punta-gota-3-puntas/DSC08476-228x228.JPG): failed to open stream: Permission denied in /var/www/html/ventas.percu/system/library/image.php on line 121
2017-10-26 10:15:43 - PHP Warning:  imagejpeg(/var/www/html/ventas.percu/image/cache/productos/ivsom/baquetas/punta-gota-3-puntas/DSC08482-228x228.JPG): failed to open stream: Permission denied in /var/www/html/ventas.percu/system/library/image.php on line 121
2017-10-26 10:15:43 - PHP Warning:  imagejpeg(/var/www/html/ventas.percu/image/cache/productos/ivsom/caixas/alum-12p-6t-4cuerdas/caixa-guerra-12-b.jpg-228x228.jpg): failed to open stream: Permission denied in /var/www/html/ventas.percu/system/library/image.php on line 121
2017-10-26 10:15:43 - PHP Warning:  imagejpeg(/var/www/html/ventas.percu/image/cache/productos/ivsom/caixas/alum-12p-6t-4cuerdas/caixa-guerra-12-228x228.jpg): failed to open stream: Permission denied in /var/www/html/ventas.percu/system/library/image.php on line 121
2017-10-26 10:15:43 - PHP Warning:  imagejpeg(/var/www/html/ventas.percu/image/cache/productos/ivsom/caixas/alum-14p-6t-6cuerdas-20cm/caixa-de-guerra-14-x-21cm-b-228x228.jpg): failed to open stream: Permission denied in /var/www/html/ventas.percu/system/library/image.php on line 121
2017-10-26 10:15:43 - PHP Warning:  imagejpeg(/var/www/html/ventas.percu/image/cache/productos/ivsom/caixas/alum-14p-6t-6cuerdas-20cm/caixa-de-guerra-14-x-21cm-d-228x228.jpg): failed to open stream: Permission denied in /var/www/html/ventas.percu/system/library/image.php on line 121
2017-10-26 10:15:43 - PHP Warning:  imagejpeg(/var/www/html/ventas.percu/image/cache/productos/contemporanea/parches-cuero/10p/DSC08259-228x228.JPG): failed to open stream: Permission denied in /var/www/html/ventas.percu/system/library/image.php on line 121
2017-10-26 10:15:43 - PHP Warning:  imagejpeg(/var/www/html/ventas.percu/image/cache/productos/contemporanea/parches-cuero/10p/DSC08255-228x228.JPG): failed to open stream: Permission denied in /var/www/html/ventas.percu/system/library/image.php on line 121
2017-10-26 10:15:43 - PHP Warning:  imagejpeg(/var/www/html/ventas.percu/image/cache/productos/gope/parches-cuero/surdo-18p/parche-cuero-gope-228x228.jpg): failed to open stream: Permission denied in /var/www/html/ventas.percu/system/library/image.php on line 121
2017-10-26 10:15:44 - PHP Warning:  imagejpeg(/var/www/html/ventas.percu/image/cache/data/productos/gope/parches/nylon/12p dibujado/IMG_6868-228x228.JPG): failed to open stream: Permission denied in /var/www/html/ventas.percu/system/library/image.php on line 121
2017-10-26 10:15:44 - PHP Warning:  imagejpeg(/var/www/html/ventas.percu/image/cache/data/productos/gope/parches/nylon/12p dibujado/IMG_6869-228x228.JPG): failed to open stream: Permission denied in /var/www/html/ventas.percu/system/library/image.php on line 121
2017-10-26 10:15:45 - PHP Warning:  imagejpeg(/var/www/html/ventas.percu/image/cache/productos/gope/parches-nylon/12p/IMG_7198-228x228.JPG): failed to open stream: Permission denied in /var/www/html/ventas.percu/system/library/image.php on line 121
2017-10-26 10:15:45 - PHP Warning:  imagejpeg(/var/www/html/ventas.percu/image/cache/productos/gope/parches-nylon/12p/IMG_7202-228x228.JPG): failed to open stream: Permission denied in /var/www/html/ventas.percu/system/library/image.php on line 121
2017-10-26 10:15:46 - PHP Warning:  imagejpeg(/var/www/html/ventas.percu/image/cache/productos/gope/parches-nylon/6p/DSC08285-228x228.JPG): failed to open stream: Permission denied in /var/www/html/ventas.percu/system/library/image.php on line 121
2017-10-26 10:15:46 - PHP Warning:  imagejpeg(/var/www/html/ventas.percu/image/cache/productos/gope/parches-nylon/6p/DSC08286-228x228.JPG): failed to open stream: Permission denied in /var/www/html/ventas.percu/system/library/image.php on line 121
2017-10-26 10:15:46 - PHP Warning:  imagejpeg(/var/www/html/ventas.percu/image/cache/productos/gope/tamborines/hierro-6 afinaciones-aro-pintura-epoxi/DSC08212-228x228.JPG): failed to open stream: Permission denied in /var/www/html/ventas.percu/system/library/image.php on line 121
2017-10-26 10:15:47 - PHP Warning:  imagejpeg(/var/www/html/ventas.percu/image/cache/productos/gope/tamborines/hierro-6 afinaciones-aro-pintura-epoxi/DSC08219-228x228.JPG): failed to open stream: Permission denied in /var/www/html/ventas.percu/system/library/image.php on line 121
2017-10-26 10:15:47 - PHP Warning:  imagejpeg(/var/www/html/ventas.percu/image/cache/productos/gope/tamborines/aluminio-6-afinaciones/001-228x228.JPG): failed to open stream: Permission denied in /var/www/html/ventas.percu/system/library/image.php on line 121
2017-10-26 10:15:47 - PHP Warning:  imagejpeg(/var/www/html/ventas.percu/image/cache/productos/gope/tamborines/aluminio-6-afinaciones/02-228x228.JPG): failed to open stream: Permission denied in /var/www/html/ventas.percu/system/library/image.php on line 121
2017-10-26 10:15:47 - PHP Warning:  imagejpeg(/var/www/html/ventas.percu/image/cache/productos/gope/tamborines/aluminio-frisado-6-afinaciones-2-colores/azul-amarillo/DSC08224-228x228.JPG): failed to open stream: Permission denied in /var/www/html/ventas.percu/system/library/image.php on line 121
2017-10-26 10:15:47 - PHP Warning:  imagejpeg(/var/www/html/ventas.percu/image/cache/productos/gope/tamborines/aluminio-frisado-6-afinaciones-2-colores/azul-amarillo/DSC08230-228x228.JPG): failed to open stream: Permission denied in /var/www/html/ventas.percu/system/library/image.php on line 121
2017-10-26 10:15:48 - PHP Warning:  imagejpeg(/var/www/html/ventas.percu/image/cache/productos/gope/tamborines/madera-10-afinaciones/DSC08269-228x228.JPG): failed to open stream: Permission denied in /var/www/html/ventas.percu/system/library/image.php on line 121
2017-10-26 10:15:48 - PHP Warning:  imagejpeg(/var/www/html/ventas.percu/image/cache/productos/gope/tamborines/madera-10-afinaciones/DSC08264-228x228.JPG): failed to open stream: Permission denied in /var/www/html/ventas.percu/system/library/image.php on line 121
2017-10-26 10:15:48 - PHP Warning:  imagejpeg(/var/www/html/ventas.percu/image/cache/productos/ivsom/tamborin/aluminio-228x228.jpg): failed to open stream: Permission denied in /var/www/html/ventas.percu/system/library/image.php on line 121
2017-10-26 10:15:48 - PHP Warning:  imagejpeg(/var/www/html/ventas.percu/image/cache/productos/ivsom/tamborin/aluminio-b-228x228.jpg): failed to open stream: Permission denied in /var/www/html/ventas.percu/system/library/image.php on line 121
2017-10-26 10:15:48 - PHP Warning:  imagejpeg(/var/www/html/ventas.percu/image/cache/productos/ivsom/correas/1 gancho - acolchonada - amarilla/DSC08187-228x228.JPG): failed to open stream: Permission denied in /var/www/html/ventas.percu/system/library/image.php on line 121
2017-10-26 10:15:49 - PHP Warning:  imagejpeg(/var/www/html/ventas.percu/image/cache/productos/ivsom/correas/1 gancho - acolchonada - amarilla/DSC08189-228x228.JPG): failed to open stream: Permission denied in /var/www/html/ventas.percu/system/library/image.php on line 121
2017-10-26 10:15:49 - PHP Warning:  imagejpeg(/var/www/html/ventas.percu/image/cache/productos/ivsom/correas/1 gancho - acolchonada - roja/IMG_7143-228x228.JPG): failed to open stream: Permission denied in /var/www/html/ventas.percu/system/library/image.php on line 121
2017-10-26 10:15:50 - PHP Warning:  imagejpeg(/var/www/html/ventas.percu/image/cache/productos/ivsom/correas/1 gancho - acolchonada - roja/IMG_7144-228x228.JPG): failed to open stream: Permission denied in /var/www/html/ventas.percu/system/library/image.php on line 121
2017-10-26 10:15:50 - PHP Warning:  imagejpeg(/var/www/html/ventas.percu/image/cache/productos/ivsom/correas/1 gancho - acolchonada - rosa/IMG_7157-228x228.JPG): failed to open stream: Permission denied in /var/www/html/ventas.percu/system/library/image.php on line 121
2017-10-26 10:15:50 - PHP Warning:  imagejpeg(/var/www/html/ventas.percu/image/cache/productos/ivsom/correas/1 gancho - acolchonada - rosa/IMG_7158-228x228.JPG): failed to open stream: Permission denied in /var/www/html/ventas.percu/system/library/image.php on line 121
2017-10-26 10:15:51 - PHP Warning:  imagejpeg(/var/www/html/ventas.percu/image/cache/productos/ivsom/correas/1 gancho simple azul/DSC08529-228x228.JPG): failed to open stream: Permission denied in /var/www/html/ventas.percu/system/library/image.php on line 121
2017-10-26 10:15:51 - PHP Warning:  imagejpeg(/var/www/html/ventas.percu/image/cache/productos/ivsom/correas/1 gancho simple azul/DSC08522-228x228.JPG): failed to open stream: Permission denied in /var/www/html/ventas.percu/system/library/image.php on line 121
2017-10-26 10:15:51 - PHP Warning:  imagejpeg(/var/www/html/ventas.percu/image/cache/productos/ivsom/correas/1 gancho simple roja/DSC08465-228x228.JPG): failed to open stream: Permission denied in /var/www/html/ventas.percu/system/library/image.php on line 121
2017-10-26 10:15:52 - PHP Warning:  imagejpeg(/var/www/html/ventas.percu/image/cache/productos/ivsom/correas/1 gancho simple roja/DSC08473-228x228.JPG): failed to open stream: Permission denied in /var/www/html/ventas.percu/system/library/image.php on line 121
2017-10-26 10:15:52 - PHP Warning:  copy(/var/www/html/ventas.percu/image/cache/catalog/compramercado-649x200.jpg): failed to open stream: Permission denied in /var/www/html/ventas.percu/storage/modification/catalog/model/tool/image.php on line 37
2017-10-26 10:15:52 - PHP Warning:  copy(/var/www/html/ventas.percu/image/cache/catalog/whataspp-315x90.jpg): failed to open stream: Permission denied in /var/www/html/ventas.percu/storage/modification/catalog/model/tool/image.php on line 37
2017-10-26 10:15:52 - PHP Warning:  copy(/var/www/html/ventas.percu/image/cache/catalog/V2banner2-315x90.jpg): failed to open stream: Permission denied in /var/www/html/ventas.percu/storage/modification/catalog/model/tool/image.php on line 37
2017-10-26 10:15:52 - PHP Warning:  imagepng(/var/www/html/ventas.percu/image/cache/data/journal2/transparent-150x150.png): failed to open stream: Permission denied in /var/www/html/ventas.percu/system/library/image.php on line 123
2017-10-26 10:15:52 - PHP Warning:  imagejpeg(/var/www/html/ventas.percu/image/cache/data/marcas/samba-batucada-drums-set-vector-150x150.jpg): failed to open stream: Permission denied in /var/www/html/ventas.percu/system/library/image.php on line 121
2017-10-26 10:15:52 - PHP Warning:  imagejpeg(/var/www/html/ventas.percu/image/cache/data/marcas/gope-150x150.jpg): failed to open stream: Permission denied in /var/www/html/ventas.percu/system/library/image.php on line 121
2017-10-26 10:15:52 - PHP Warning:  imagepng(/var/www/html/ventas.percu/image/cache/data/marcas/logo-ivsom-150x150.png): failed to open stream: Permission denied in /var/www/html/ventas.percu/system/library/image.php on line 123
2017-10-26 10:15:52 - PHP Warning:  imagejpeg(/var/www/html/ventas.percu/image/cache/data/marcas/King-1-150x150.jpg): failed to open stream: Permission denied in /var/www/html/ventas.percu/system/library/image.php on line 121
2017-10-26 10:15:52 - PHP Warning:  imagepng(/var/www/html/ventas.percu/image/cache/data/marcas/timbra logo ok-150x150.png): failed to open stream: Permission denied in /var/www/html/ventas.percu/system/library/image.php on line 123
2017-10-26 10:15:52 - PHP Warning:  copy(/var/www/html/ventas.percu/image/cache/catalog/logo1-350x109.jpg): failed to open stream: Permission denied in /var/www/html/ventas.percu/storage/modification/catalog/model/tool/image.php on line 37
2017-10-26 10:15:52 - PHP Warning:  copy(/var/www/html/ventas.percu/image/cache/data/formas-pago/logo-mercadopago-401x104.png): failed to open stream: Permission denied in /var/www/html/ventas.percu/storage/modification/catalog/model/tool/image.php on line 37
2017-10-26 10:15:52 - PHP Warning:  copy(/var/www/html/ventas.percu/image/cache/data/formas-pago/NoVictor_(Visa)-2000x1249.png): failed to open stream: Permission denied in /var/www/html/ventas.percu/storage/modification/catalog/model/tool/image.php on line 37
2017-10-26 10:15:52 - PHP Warning:  copy(/var/www/html/ventas.percu/image/cache/data/formas-pago/ae-2000x2000.png): failed to open stream: Permission denied in /var/www/html/ventas.percu/storage/modification/catalog/model/tool/image.php on line 37
2017-10-26 10:15:53 - PHP Warning:  copy(/var/www/html/ventas.percu/image/cache/data/formas-pago/logo-mercadopago-401x104.png): failed to open stream: Permission denied in /var/www/html/ventas.percu/storage/modification/catalog/model/tool/image.php on line 37
2017-10-26 10:15:53 - PHP Warning:  copy(/var/www/html/ventas.percu/image/cache/data/formas-pago/NoVictor_(Visa)-2000x1249.png): failed to open stream: Permission denied in /var/www/html/ventas.percu/storage/modification/catalog/model/tool/image.php on line 37
2017-10-26 10:15:53 - PHP Warning:  copy(/var/www/html/ventas.percu/image/cache/data/formas-pago/ae-2000x2000.png): failed to open stream: Permission denied in /var/www/html/ventas.percu/storage/modification/catalog/model/tool/image.php on line 37
2017-10-26 10:15:53 - PHP Warning:  imagepng(/var/www/html/ventas.percu/image/cache/data/journal2/transparent-2000x2000.png): failed to open stream: Permission denied in /var/www/html/ventas.percu/system/library/image.php on line 123
2017-10-26 10:15:53 - PHP Warning:  imagepng(/var/www/html/ventas.percu/image/cache/data/journal2/transparent-228x228.png): failed to open stream: Permission denied in /var/www/html/ventas.percu/system/library/image.php on line 123
2017-10-26 10:15:53 - PHP Warning:  getimagesize(/var/www/html/ventas.percu/image/no_image.png): failed to open stream: No such file or directory in /var/www/html/ventas.percu/system/journal2/classes/journal2_utils.php on line 496
2017-10-26 10:15:53 - PHP Notice:  Image no_image.png is invalid! in /var/www/html/ventas.percu/system/journal2/classes/journal2_utils.php on line 499
2017-10-26 10:15:53 - PHP Warning:  imagepng(/var/www/html/ventas.percu/image/cache/data/journal2/transparent-2000x2000.png): failed to open stream: Permission denied in /var/www/html/ventas.percu/system/library/image.php on line 123
2017-10-26 10:15:53 - PHP Warning:  imagepng(/var/www/html/ventas.percu/image/cache/data/journal2/transparent-228x228.png): failed to open stream: Permission denied in /var/www/html/ventas.percu/system/library/image.php on line 123
2017-10-26 10:15:53 - PHP Warning:  getimagesize(/var/www/html/ventas.percu/image/no_image.png): failed to open stream: No such file or directory in /var/www/html/ventas.percu/system/journal2/classes/journal2_utils.php on line 496
2017-10-26 10:15:53 - PHP Notice:  Image no_image.png is invalid! in /var/www/html/ventas.percu/system/journal2/classes/journal2_utils.php on line 499
2017-10-26 10:16:08 - PHP Warning:  getimagesize(/var/www/html/ventas.percu/image/no_image.png): failed to open stream: No such file or directory in /var/www/html/ventas.percu/system/journal2/classes/journal2_utils.php on line 496
2017-10-26 10:16:08 - PHP Notice:  Image no_image.png is invalid! in /var/www/html/ventas.percu/system/journal2/classes/journal2_utils.php on line 499
2017-10-26 10:16:27 - PHP Warning:  getimagesize(/var/www/html/ventas.percu/image/no_image.png): failed to open stream: No such file or directory in /var/www/html/ventas.percu/system/journal2/classes/journal2_utils.php on line 496
2017-10-26 10:16:27 - PHP Notice:  Image no_image.png is invalid! in /var/www/html/ventas.percu/system/journal2/classes/journal2_utils.php on line 499
2017-10-26 10:16:27 - PHP Warning:  getimagesize(/var/www/html/ventas.percu/image/no_image.png): failed to open stream: No such file or directory in /var/www/html/ventas.percu/system/journal2/classes/journal2_utils.php on line 496
2017-10-26 10:16:27 - PHP Notice:  Image no_image.png is invalid! in /var/www/html/ventas.percu/system/journal2/classes/journal2_utils.php on line 499
2017-10-26 10:17:02 - PHP Warning:  getimagesize(/var/www/html/ventas.percu/image/no_image.png): failed to open stream: No such file or directory in /var/www/html/ventas.percu/system/journal2/classes/journal2_utils.php on line 496
2017-10-26 10:17:02 - PHP Notice:  Image no_image.png is invalid! in /var/www/html/ventas.percu/system/journal2/classes/journal2_utils.php on line 499
2017-10-26 10:17:02 - PHP Warning:  getimagesize(/var/www/html/ventas.percu/image/no_image.png): failed to open stream: No such file or directory in /var/www/html/ventas.percu/system/journal2/classes/journal2_utils.php on line 496
2017-10-26 10:17:02 - PHP Notice:  Image no_image.png is invalid! in /var/www/html/ventas.percu/system/journal2/classes/journal2_utils.php on line 499
2017-10-26 10:17:02 - PHP Warning:  getimagesize(/var/www/html/ventas.percu/image/no_image.png): failed to open stream: No such file or directory in /var/www/html/ventas.percu/system/journal2/classes/journal2_utils.php on line 496
2017-10-26 10:17:02 - PHP Notice:  Image no_image.png is invalid! in /var/www/html/ventas.percu/system/journal2/classes/journal2_utils.php on line 499
2017-10-26 10:17:03 - PHP Warning:  getimagesize(/var/www/html/ventas.percu/image/no_image.png): failed to open stream: No such file or directory in /var/www/html/ventas.percu/system/journal2/classes/journal2_utils.php on line 496
2017-10-26 10:17:03 - PHP Notice:  Image no_image.png is invalid! in /var/www/html/ventas.percu/system/journal2/classes/journal2_utils.php on line 499
2017-10-26 10:17:03 - PHP Warning:  getimagesize(/var/www/html/ventas.percu/image/no_image.png): failed to open stream: No such file or directory in /var/www/html/ventas.percu/system/journal2/classes/journal2_utils.php on line 496
2017-10-26 10:17:03 - PHP Notice:  Image no_image.png is invalid! in /var/www/html/ventas.percu/system/journal2/classes/journal2_utils.php on line 499
2017-10-26 10:17:06 - PHP Warning:  getimagesize(/var/www/html/ventas.percu/image/no_image.png): failed to open stream: No such file or directory in /var/www/html/ventas.percu/system/journal2/classes/journal2_utils.php on line 496
2017-10-26 10:17:06 - PHP Notice:  Image no_image.png is invalid! in /var/www/html/ventas.percu/system/journal2/classes/journal2_utils.php on line 499
2017-10-26 10:17:06 - PHP Warning:  getimagesize(/var/www/html/ventas.percu/image/no_image.png): failed to open stream: No such file or directory in /var/www/html/ventas.percu/system/journal2/classes/journal2_utils.php on line 496
2017-10-26 10:17:06 - PHP Notice:  Image no_image.png is invalid! in /var/www/html/ventas.percu/system/journal2/classes/journal2_utils.php on line 499
2017-10-26 10:17:06 - PHP Warning:  getimagesize(/var/www/html/ventas.percu/image/no_image.png): failed to open stream: No such file or directory in /var/www/html/ventas.percu/system/journal2/classes/journal2_utils.php on line 496
2017-10-26 10:17:06 - PHP Notice:  Image no_image.png is invalid! in /var/www/html/ventas.percu/system/journal2/classes/journal2_utils.php on line 499
2017-10-26 10:17:06 - PHP Warning:  getimagesize(/var/www/html/ventas.percu/image/no_image.png): failed to open stream: No such file or directory in /var/www/html/ventas.percu/system/journal2/classes/journal2_utils.php on line 496
2017-10-26 10:17:06 - PHP Notice:  Image no_image.png is invalid! in /var/www/html/ventas.percu/system/journal2/classes/journal2_utils.php on line 499
2017-10-26 10:17:07 - PHP Warning:  getimagesize(/var/www/html/ventas.percu/image/no_image.png): failed to open stream: No such file or directory in /var/www/html/ventas.percu/system/journal2/classes/journal2_utils.php on line 496
2017-10-26 10:17:07 - PHP Notice:  Image no_image.png is invalid! in /var/www/html/ventas.percu/system/journal2/classes/journal2_utils.php on line 499
2017-10-26 10:17:10 - PHP Warning:  getimagesize(/var/www/html/ventas.percu/image/no_image.png): failed to open stream: No such file or directory in /var/www/html/ventas.percu/system/journal2/classes/journal2_utils.php on line 496
2017-10-26 10:17:10 - PHP Notice:  Image no_image.png is invalid! in /var/www/html/ventas.percu/system/journal2/classes/journal2_utils.php on line 499
2017-10-26 10:17:10 - PHP Warning:  getimagesize(/var/www/html/ventas.percu/image/no_image.png): failed to open stream: No such file or directory in /var/www/html/ventas.percu/system/journal2/classes/journal2_utils.php on line 496
2017-10-26 10:17:10 - PHP Notice:  Image no_image.png is invalid! in /var/www/html/ventas.percu/system/journal2/classes/journal2_utils.php on line 499
2017-10-26 10:17:10 - PHP Warning:  getimagesize(/var/www/html/ventas.percu/image/no_image.png): failed to open stream: No such file or directory in /var/www/html/ventas.percu/system/journal2/classes/journal2_utils.php on line 496
2017-10-26 10:17:10 - PHP Notice:  Image no_image.png is invalid! in /var/www/html/ventas.percu/system/journal2/classes/journal2_utils.php on line 499
2017-10-26 10:17:11 - PHP Warning:  getimagesize(/var/www/html/ventas.percu/image/no_image.png): failed to open stream: No such file or directory in /var/www/html/ventas.percu/system/journal2/classes/journal2_utils.php on line 496
2017-10-26 10:17:11 - PHP Notice:  Image no_image.png is invalid! in /var/www/html/ventas.percu/system/journal2/classes/journal2_utils.php on line 499
2017-10-26 10:17:11 - PHP Warning:  getimagesize(/var/www/html/ventas.percu/image/no_image.png): failed to open stream: No such file or directory in /var/www/html/ventas.percu/system/journal2/classes/journal2_utils.php on line 496
2017-10-26 10:17:11 - PHP Notice:  Image no_image.png is invalid! in /var/www/html/ventas.percu/system/journal2/classes/journal2_utils.php on line 499
2017-10-26 10:20:02 - PHP Warning:  mysqli::__construct(): (HY000/1045): Access denied for user 'usr_db_percu'@'localhost' (using password: YES) in /var/www/html/ventas.percu/system/library/db/mysqli.php on line 7
2017-10-26 10:20:02 - PHP Warning:  DB\MySQLi::__construct(): Couldn't fetch mysqli in /var/www/html/ventas.percu/system/library/db/mysqli.php on line 10
2017-10-26 10:20:02 - PHP Warning:  DB\MySQLi::__construct(): Couldn't fetch mysqli in /var/www/html/ventas.percu/system/library/db/mysqli.php on line 10
